============================= test session starts =============================
platform win32 -- Python 3.14.3, pytest-9.0.2, pluggy-1.6.0 -- F:\Python Projects\accountinox\venv\Scripts\python.exe
cachedir: .pytest_cache
django: version: 6.0.2, settings: config.settings (from ini)
rootdir: F:\Python Projects\accountinox
configfile: pytest.ini
plugins: django-4.11.1
collecting ... collected 1 item

tests/test_site_settings_wordmark.py::test_wordmark_fa_is_rendered_in_layout_brand_slots Creating test database for alias 'default' ('file:memorydb_default?mode=memory&cache=shared')...
Operations to perform:
  Synchronize unmigrated apps: allauth, blog, google, humanize, messages, ratelimit, staticfiles
  Apply all migrations: account, accounts, admin, auth, contenttypes, core, sessions, shop, sites, socialaccount, support
Synchronizing apps without migrations:
  Creating tables...
    Creating table blog_post
    Creating table blog_postfaq
    Running deferred SQL...
Running migrations:
  Applying contenttypes.0001_initial... OK
  Applying auth.0001_initial... OK
  Applying account.0001_initial... OK
  Applying account.0002_email_max_length... OK
  Applying account.0003_alter_emailaddress_create_unique_verified_email... OK
  Applying account.0004_alter_emailaddress_drop_unique_email... OK
  Applying account.0005_emailaddress_idx_upper_email... OK
  Applying account.0006_emailaddress_lower... OK
  Applying account.0007_emailaddress_idx_email... OK
  Applying account.0008_emailaddress_unique_primary_email_fixup... OK
  Applying account.0009_emailaddress_unique_primary_email... OK
  Applying accounts.0001_initial... OK
  Applying accounts.0002_phoneotp_fields... OK
  Applying accounts.0003_populate_last_sent_default... OK
  Applying accounts.0004_phoneotp_schema_alignment... OK
  Applying accounts.0005_orderaddress... OK
  Applying admin.0001_initial... OK
  Applying admin.0002_logentry_remove_auto_add... OK
  Applying admin.0003_logentry_add_action_flag_choices... OK
  Applying contenttypes.0002_remove_content_type_name... OK
  Applying auth.0002_alter_permission_name_max_length... OK
  Applying auth.0003_alter_user_email_max_length... OK
  Applying auth.0004_alter_user_username_opts... OK
  Applying auth.0005_alter_user_last_login_null... OK
  Applying auth.0006_require_contenttypes_0002... OK
  Applying auth.0007_alter_validators_add_error_messages... OK
  Applying auth.0008_alter_user_username_max_length... OK
  Applying auth.0009_alter_user_last_name_max_length... OK
  Applying auth.0010_alter_group_name_max_length... OK
  Applying auth.0011_update_proxy_permissions... OK
  Applying auth.0012_alter_user_first_name_max_length... OK
  Applying core.0001_initial... OK
  Applying core.0002_alter_sitesettings_options_sitesettings_sms_enabled_and_more... OK
  Applying core.0003_sitesettings_brand_wordmark_fa... OK
  Applying sessions.0001_initial... OK
  Applying shop.0001_initial... OK
  Applying shop.0002_product_featured_image... OK
  Applying shop.0003_alter_product_featured_image... OK
  Applying shop.0004_order_customer_email_order_customer_name_and_more... OK
  Applying sites.0001_initial... OK
  Applying sites.0002_alter_domain_unique... OK
  Applying socialaccount.0001_initial... OK
  Applying socialaccount.0002_token_max_lengths... OK
  Applying socialaccount.0003_extra_data_default_dict... OK
  Applying socialaccount.0004_app_provider_id_settings... OK
  Applying socialaccount.0005_socialtoken_nullable_app... OK
  Applying socialaccount.0006_alter_socialaccount_extra_data... OK
  Applying support.0001_add_chatsession... OK
  Applying support.0002_supportpushsubscription... OK
  Applying support.0003_chatsession_user_phone_supportauditlog_and_more... OK
  Applying support.0004_alter_supportcontact_options_chatsession_assigned_to_and_more... OK
PASSEDDestroying test database for alias 'default' ('file:memorydb_default?mode=memory&cache=shared')...


============================== 1 passed in 1.48s ==============================
